2024-11-26 15:43:32,588 INFO Version [background-preinit] HV000001: Hibernate Validator 8.0.1.Final
2024-11-26 15:43:32,670 INFO StartupInfoLogger [restartedMain] Starting FastxApplication using Java 21.0.4 with PID 3192 (D:\Java_FSD\STS_WS\fastx\target\classes started by vinay in D:\Java_FSD\STS_WS\fastx)
2024-11-26 15:43:32,679 INFO SpringApplication [restartedMain] No active profile set, falling back to 1 default profile: "default"
2024-11-26 15:43:32,780 INFO DeferredLog [restartedMain] Devtools property defaults active! Set 'spring.devtools.add-properties' to 'false' to disable
2024-11-26 15:43:32,781 INFO DeferredLog [restartedMain] For additional web related logging consider setting the 'logging.level.web' property to 'DEBUG'
2024-11-26 15:43:34,406 INFO RepositoryConfigurationDelegate [restartedMain] Bootstrapping Spring Data JPA repositories in DEFAULT mode.
2024-11-26 15:43:34,596 INFO RepositoryConfigurationDelegate [restartedMain] Finished Spring Data repository scanning in 172 ms. Found 10 JPA repository interfaces.
2024-11-26 15:43:36,109 INFO TomcatWebServer [restartedMain] Tomcat initialized with port 8080 (http)
2024-11-26 15:43:36,140 INFO DirectJDKLog [restartedMain] Initializing ProtocolHandler ["http-nio-8080"]
2024-11-26 15:43:36,149 INFO DirectJDKLog [restartedMain] Starting service [Tomcat]
2024-11-26 15:43:36,150 INFO DirectJDKLog [restartedMain] Starting Servlet engine: [Apache Tomcat/10.1.31]
2024-11-26 15:43:36,264 INFO DirectJDKLog [restartedMain] Initializing Spring embedded WebApplicationContext
2024-11-26 15:43:36,269 INFO ServletWebServerApplicationContext [restartedMain] Root WebApplicationContext: initialization completed in 3481 ms
2024-11-26 15:43:36,604 INFO LogHelper [restartedMain] HHH000204: Processing PersistenceUnitInfo [name: default]
2024-11-26 15:43:36,739 INFO Version [restartedMain] HHH000412: Hibernate ORM core version 6.5.3.Final
2024-11-26 15:43:36,809 INFO RegionFactoryInitiator [restartedMain] HHH000026: Second-level cache disabled
2024-11-26 15:43:37,432 INFO SpringPersistenceUnitInfo [restartedMain] No LoadTimeWeaver setup: ignoring JPA class transformer
2024-11-26 15:43:37,485 INFO HikariDataSource [restartedMain] HikariPool-1 - Starting...
2024-11-26 15:43:38,104 INFO HikariPool [restartedMain] HikariPool-1 - Added connection com.mysql.cj.jdbc.ConnectionImpl@2d3f9a8d
2024-11-26 15:43:38,108 INFO HikariDataSource [restartedMain] HikariPool-1 - Start completed.
2024-11-26 15:43:40,204 INFO JtaPlatformInitiator [restartedMain] HHH000489: No JTA platform available (set 'hibernate.transaction.jta.platform' to enable JTA platform integration)
2024-11-26 15:43:40,533 INFO AbstractEntityManagerFactoryBean [restartedMain] Initialized JPA EntityManagerFactory for persistence unit 'default'
2024-11-26 15:43:41,706 INFO InitializeUserDetailsBeanManagerConfigurer$InitializeUserDetailsManagerConfigurer [restartedMain] Global AuthenticationManager configured with UserDetailsService bean with name customUserDetailsService
2024-11-26 15:43:41,829 INFO QueryEnhancerFactory [restartedMain] Hibernate is in classpath; If applicable, HQL parser will be used.
2024-11-26 15:43:41,984 WARN JpaBaseConfiguration$JpaWebConfiguration [restartedMain] spring.jpa.open-in-view is enabled by default. Therefore, database queries may be performed during view rendering. Explicitly configure spring.jpa.open-in-view to disable this warning
2024-11-26 15:43:42,991 INFO OptionalLiveReloadServer [restartedMain] LiveReload server is running on port 35729
2024-11-26 15:43:43,012 INFO DirectJDKLog [restartedMain] Starting ProtocolHandler ["http-nio-8080"]
2024-11-26 15:43:43,049 INFO TomcatWebServer [restartedMain] Tomcat started on port 8080 (http) with context path '/'
2024-11-26 15:43:43,066 INFO StartupInfoLogger [restartedMain] Started FastxApplication in 11.297 seconds (process running for 13.086)
2024-11-26 15:44:53,547 INFO DirectJDKLog [http-nio-8080-exec-1] Initializing Spring DispatcherServlet 'dispatcherServlet'
2024-11-26 15:44:53,549 INFO FrameworkServlet [http-nio-8080-exec-1] Initializing Servlet 'dispatcherServlet'
2024-11-26 15:44:53,554 INFO FrameworkServlet [http-nio-8080-exec-1] Completed initialization in 4 ms
